2026-01-31 23:21:41,617 - __main__.DocumentationMaintenanceSystem - INFO - ================================================================================
2026-01-31 23:21:41,617 - __main__.DocumentationMaintenanceSystem - INFO - DOCUMENTATION MAINTENANCE SYSTEM
2026-01-31 23:21:41,617 - __main__.DocumentationMaintenanceSystem - INFO - ================================================================================
2026-01-31 23:21:41,617 - __main__.DocumentationMaintenanceSystem - INFO - Mode: DRY RUN
2026-01-31 23:21:41,618 - __main__.DocumentationMaintenanceSystem - INFO - Skip Commit: False
2026-01-31 23:21:41,618 - __main__.DocumentationMaintenanceSystem - INFO - Check Age: True (threshold: 7 days)
2026-01-31 23:21:41,618 - __main__.DocumentationMaintenanceSystem - INFO - ================================================================================
2026-01-31 23:21:41,618 - __main__.DocumentationMaintenanceSystem - INFO - ================================================================================
2026-01-31 23:21:41,618 - __main__.DocumentationMaintenanceSystem - INFO - STEP 1: UPDATE TEST DOCUMENTATION
2026-01-31 23:21:41,618 - __main__.DocumentationMaintenanceSystem - INFO - ================================================================================
2026-01-31 23:21:41,687 - __main__.DocumentationMaintenanceSystem - INFO - Test documentation updater completed successfully
2026-01-31 23:21:41,687 - __main__.DocumentationMaintenanceSystem - INFO - ================================================================================
2026-01-31 23:21:41,687 - __main__.DocumentationMaintenanceSystem - INFO - STEP 2: ORGANIZE HISTORICAL DOCUMENTATION
2026-01-31 23:21:41,687 - __main__.DocumentationMaintenanceSystem - INFO - ================================================================================
2026-01-31 23:21:41,737 - __main__.DocumentationMaintenanceSystem - INFO - Historical docs organizer completed successfully
2026-01-31 23:21:41,737 - __main__.DocumentationMaintenanceSystem - INFO - ================================================================================
2026-01-31 23:21:41,737 - __main__.DocumentationMaintenanceSystem - INFO - STEP 3: GENERATE MASTER REPORT
2026-01-31 23:21:41,737 - __main__.DocumentationMaintenanceSystem - INFO - ================================================================================
2026-01-31 23:21:41,737 - __main__.DocumentationMaintenanceSystem - INFO - Master report saved to documentation_maintenance_report.md
2026-01-31 23:21:41,737 - __main__.DocumentationMaintenanceSystem - INFO - Skipping commit step (dry-run or skip-commit enabled)
2026-01-31 23:21:41,737 - __main__.DocumentationMaintenanceSystem - INFO - ================================================================================
2026-01-31 23:21:41,738 - __main__.DocumentationMaintenanceSystem - INFO - DOCUMENTATION MAINTENANCE COMPLETE
2026-01-31 23:21:41,738 - __main__.DocumentationMaintenanceSystem - INFO - ================================================================================
2026-01-31 23:21:41,738 - __main__.DocumentationMaintenanceSystem - INFO - All steps completed successfully
2026-01-31 23:21:41,738 - __main__.DocumentationMaintenanceSystem - INFO - Review reports:
2026-01-31 23:21:41,738 - __main__.DocumentationMaintenanceSystem - INFO -   - documentation_maintenance_report.md
2026-01-31 23:21:41,738 - __main__.DocumentationMaintenanceSystem - INFO -   - test_documentation_update_summary.md
2026-01-31 23:21:41,738 - __main__.DocumentationMaintenanceSystem - INFO -   - historical_docs_organization_report.md
2026-01-31 23:24:09,183 - __main__.DocumentationMaintenanceSystem - INFO - ================================================================================
2026-01-31 23:24:09,183 - __main__.DocumentationMaintenanceSystem - INFO - DOCUMENTATION MAINTENANCE SYSTEM
2026-01-31 23:24:09,183 - __main__.DocumentationMaintenanceSystem - INFO - ================================================================================
2026-01-31 23:24:09,183 - __main__.DocumentationMaintenanceSystem - INFO - Mode: DRY RUN
2026-01-31 23:24:09,183 - __main__.DocumentationMaintenanceSystem - INFO - Skip Commit: False
2026-01-31 23:24:09,183 - __main__.DocumentationMaintenanceSystem - INFO - Check Age: True (threshold: 7 days)
2026-01-31 23:24:09,184 - __main__.DocumentationMaintenanceSystem - INFO - ================================================================================
2026-01-31 23:24:09,184 - __main__.DocumentationMaintenanceSystem - INFO - ================================================================================
2026-01-31 23:24:09,184 - __main__.DocumentationMaintenanceSystem - INFO - STEP 1: UPDATE TEST DOCUMENTATION
2026-01-31 23:24:09,184 - __main__.DocumentationMaintenanceSystem - INFO - ================================================================================
2026-01-31 23:24:09,283 - __main__.DocumentationMaintenanceSystem - INFO - Test documentation updater completed successfully
2026-01-31 23:24:09,283 - __main__.DocumentationMaintenanceSystem - INFO - ================================================================================
2026-01-31 23:24:09,283 - __main__.DocumentationMaintenanceSystem - INFO - STEP 2: ORGANIZE HISTORICAL DOCUMENTATION
2026-01-31 23:24:09,283 - __main__.DocumentationMaintenanceSystem - INFO - ================================================================================
2026-01-31 23:24:09,415 - __main__.DocumentationMaintenanceSystem - INFO - Historical docs organizer completed successfully
2026-01-31 23:24:09,415 - __main__.DocumentationMaintenanceSystem - INFO - ================================================================================
2026-01-31 23:24:09,415 - __main__.DocumentationMaintenanceSystem - INFO - STEP 3: GENERATE MASTER REPORT
2026-01-31 23:24:09,415 - __main__.DocumentationMaintenanceSystem - INFO - ================================================================================
2026-01-31 23:24:09,415 - __main__.DocumentationMaintenanceSystem - INFO - Master report saved to documentation_maintenance_report.md
2026-01-31 23:24:09,415 - __main__.DocumentationMaintenanceSystem - INFO - Skipping commit step (dry-run or skip-commit enabled)
2026-01-31 23:24:09,415 - __main__.DocumentationMaintenanceSystem - INFO - ================================================================================
2026-01-31 23:24:09,416 - __main__.DocumentationMaintenanceSystem - INFO - DOCUMENTATION MAINTENANCE COMPLETE
2026-01-31 23:24:09,416 - __main__.DocumentationMaintenanceSystem - INFO - ================================================================================
2026-01-31 23:24:09,416 - __main__.DocumentationMaintenanceSystem - INFO - All steps completed successfully
2026-01-31 23:24:09,416 - __main__.DocumentationMaintenanceSystem - INFO - Review reports:
2026-01-31 23:24:09,416 - __main__.DocumentationMaintenanceSystem - INFO -   - documentation_maintenance_report.md
2026-01-31 23:24:09,416 - __main__.DocumentationMaintenanceSystem - INFO -   - test_documentation_update_summary.md
2026-01-31 23:24:09,416 - __main__.DocumentationMaintenanceSystem - INFO -   - historical_docs_organization_report.md
