2026-04-11 02:15:59,561 - __main__ - INFO - Enhanced Red Team Engine initialized (RL: True, Fuzzing: True, Symbolic: True)
2026-04-11 02:15:59,561 - __main__ - INFO - Started attack campaign: campaign_1_1775895359.561251 (strategy: adaptive_rl)
2026-04-11 02:15:59,561 - __main__ - INFO - Vulnerability added: fuzz_vuln_1 (severity: 0.03)
2026-04-11 02:15:59,561 - __main__ - INFO - Vulnerability added: fuzz_vuln_2 (severity: 1.00)
2026-04-11 02:15:59,561 - __main__ - INFO - Vulnerability added: fuzz_vuln_3 (severity: 0.96)
2026-04-11 02:15:59,561 - __main__ - INFO - Vulnerability added: fuzz_vuln_4 (severity: 1.00)
2026-04-11 02:15:59,562 - __main__ - INFO - Vulnerability added: fuzz_vuln_5 (severity: 1.00)
2026-04-11 02:15:59,563 - __main__ - INFO - Vulnerability added: fuzz_vuln_6 (severity: 1.00)
2026-04-11 02:15:59,563 - __main__ - INFO - Vulnerability added: fuzz_vuln_7 (severity: 1.00)
2026-04-11 02:15:59,563 - __main__ - INFO - Vulnerability added: fuzz_vuln_8 (severity: 0.11)
2026-04-11 02:15:59,563 - __main__ - INFO - Vulnerability added: fuzz_vuln_9 (severity: 1.32)
2026-04-11 02:15:59,563 - __main__ - INFO - Vulnerability added: fuzz_vuln_10 (severity: 0.42)
2026-04-11 02:15:59,563 - __main__ - INFO - Vulnerability added: fuzz_vuln_11 (severity: 0.56)
2026-04-11 02:15:59,563 - __main__ - INFO - Vulnerability added: fuzz_vuln_12 (severity: 0.23)
2026-04-11 02:15:59,563 - __main__ - INFO - Vulnerability added: fuzz_vuln_13 (severity: 1.29)
2026-04-11 02:15:59,563 - __main__ - INFO - Vulnerability added: fuzz_vuln_14 (severity: 0.04)
2026-04-11 02:15:59,563 - __main__ - INFO - Vulnerability added: fuzz_vuln_15 (severity: 0.16)
2026-04-11 02:15:59,563 - __main__ - INFO - Vulnerability added: fuzz_vuln_16 (severity: 1.00)
2026-04-11 02:15:59,563 - __main__ - INFO - Vulnerability added: fuzz_vuln_17 (severity: 0.88)
2026-04-11 02:15:59,563 - __main__ - INFO - Vulnerability added: fuzz_vuln_18 (severity: 0.34)
2026-04-11 02:15:59,563 - __main__ - INFO - Vulnerability added: fuzz_vuln_19 (severity: 0.42)
2026-04-11 02:15:59,564 - __main__ - INFO - Vulnerability added: fuzz_vuln_20 (severity: 1.00)
2026-04-11 02:15:59,564 - __main__ - INFO - Vulnerability added: fuzz_vuln_21 (severity: 0.97)
2026-04-11 02:15:59,564 - __main__ - INFO - Vulnerability added: fuzz_vuln_22 (severity: 0.14)
2026-04-11 02:15:59,564 - __main__ - INFO - Vulnerability added: fuzz_vuln_23 (severity: 0.83)
2026-04-11 02:15:59,564 - __main__ - INFO - Vulnerability added: fuzz_vuln_24 (severity: 1.00)
2026-04-11 02:15:59,564 - __main__ - INFO - Vulnerability added: fuzz_vuln_25 (severity: 1.16)
2026-04-11 02:15:59,564 - __main__ - INFO - Vulnerability added: fuzz_vuln_26 (severity: 1.42)
2026-04-11 02:15:59,564 - __main__ - INFO - Vulnerability added: fuzz_vuln_27 (severity: 1.00)
2026-04-11 02:15:59,564 - __main__ - INFO - Vulnerability added: fuzz_vuln_28 (severity: 1.00)
2026-04-11 02:15:59,564 - __main__ - INFO - Vulnerability added: fuzz_vuln_29 (severity: 0.88)
2026-04-11 02:15:59,564 - __main__ - INFO - Vulnerability added: fuzz_vuln_30 (severity: 1.00)
2026-04-11 02:15:59,564 - __main__ - INFO - Vulnerability added: fuzz_vuln_31 (severity: 1.31)
2026-04-11 02:15:59,564 - __main__ - INFO - Vulnerability added: fuzz_vuln_32 (severity: 0.35)
2026-04-11 02:15:59,564 - __main__ - INFO - Vulnerability added: fuzz_vuln_33 (severity: 0.24)
2026-04-11 02:15:59,564 - __main__ - INFO - Vulnerability added: fuzz_vuln_34 (severity: 1.53)
2026-04-11 02:15:59,564 - __main__ - INFO - Vulnerability added: fuzz_vuln_35 (severity: 1.12)
2026-04-11 02:15:59,565 - __main__ - INFO - Vulnerability added: fuzz_vuln_36 (severity: 1.15)
2026-04-11 02:15:59,565 - __main__ - INFO - Vulnerability added: fuzz_vuln_37 (severity: 0.91)
2026-04-11 02:15:59,565 - __main__ - INFO - Vulnerability added: fuzz_vuln_38 (severity: 1.00)
2026-04-11 02:15:59,565 - __main__ - INFO - Vulnerability added: fuzz_vuln_39 (severity: 0.85)
2026-04-11 02:15:59,565 - __main__ - INFO - Vulnerability added: fuzz_vuln_40 (severity: 1.00)
2026-04-11 02:15:59,565 - __main__ - INFO - Vulnerability added: fuzz_vuln_41 (severity: 1.00)
2026-04-11 02:15:59,565 - __main__ - INFO - Vulnerability added: fuzz_vuln_42 (severity: 1.00)
2026-04-11 02:15:59,565 - __main__ - INFO - Vulnerability added: fuzz_vuln_43 (severity: 0.31)
2026-04-11 02:15:59,565 - __main__ - INFO - Vulnerability added: fuzz_vuln_44 (severity: 1.19)
2026-04-11 02:15:59,565 - __main__ - INFO - Vulnerability added: fuzz_vuln_45 (severity: 1.00)
2026-04-11 02:15:59,565 - __main__ - INFO - Vulnerability added: fuzz_vuln_46 (severity: 1.00)
2026-04-11 02:15:59,565 - __main__ - INFO - Vulnerability added: fuzz_vuln_47 (severity: 0.40)
2026-04-11 02:15:59,565 - __main__ - INFO - Vulnerability added: fuzz_vuln_48 (severity: 0.41)
2026-04-11 02:15:59,565 - __main__ - INFO - Vulnerability added: fuzz_vuln_49 (severity: 1.00)
2026-04-11 02:15:59,566 - __main__ - INFO - Vulnerability added: fuzz_vuln_50 (severity: 0.83)
2026-04-11 02:15:59,570 - __main__ - INFO - Explored 1296 paths, found 381 interesting paths
2026-04-11 02:15:59,570 - __main__ - INFO - Vulnerability added: symbolic_vuln_51 (severity: 0.41)
2026-04-11 02:15:59,570 - __main__ - INFO - Vulnerability added: symbolic_vuln_52 (severity: 0.38)
2026-04-11 02:15:59,570 - __main__ - INFO - Vulnerability added: symbolic_vuln_53 (severity: 0.43)
2026-04-11 02:15:59,570 - __main__ - INFO - Vulnerability added: symbolic_vuln_54 (severity: 0.41)
2026-04-11 02:15:59,571 - __main__ - INFO - Vulnerability added: symbolic_vuln_55 (severity: 0.41)
2026-04-11 02:15:59,571 - __main__ - INFO - Vulnerability added: symbolic_vuln_56 (severity: 0.38)
2026-04-11 02:15:59,571 - __main__ - INFO - Vulnerability added: symbolic_vuln_57 (severity: 0.43)
2026-04-11 02:15:59,571 - __main__ - INFO - Vulnerability added: symbolic_vuln_58 (severity: 0.42)
2026-04-11 02:15:59,571 - __main__ - INFO - Vulnerability added: symbolic_vuln_59 (severity: 0.41)
2026-04-11 02:15:59,571 - __main__ - INFO - Vulnerability added: symbolic_vuln_60 (severity: 0.41)
2026-04-11 02:15:59,571 - __main__ - INFO - Discovered 60 vulnerabilities
2026-04-11 02:16:08,715 - __main__ - INFO - Generated 208860 exploit chains
2026-04-11 02:16:08,717 - __main__ - INFO - Executed exploit chain chain_29297 (impact: 3.84)
2026-04-11 02:16:08,717 - __main__ - INFO - Vulnerability added: fuzz_vuln_61 (severity: 1.29)
2026-04-11 02:16:08,718 - __main__ - INFO - Vulnerability added: fuzz_vuln_62 (severity: 1.30)
2026-04-11 02:16:08,718 - __main__ - INFO - Vulnerability added: fuzz_vuln_63 (severity: 0.82)
2026-04-11 02:16:08,718 - __main__ - INFO - Vulnerability added: fuzz_vuln_64 (severity: 0.42)
2026-04-11 02:16:08,718 - __main__ - INFO - Vulnerability added: fuzz_vuln_65 (severity: 0.89)
2026-04-11 02:16:08,718 - __main__ - INFO - Vulnerability added: fuzz_vuln_66 (severity: 1.00)
2026-04-11 02:16:08,718 - __main__ - INFO - Vulnerability added: fuzz_vuln_67 (severity: 1.00)
2026-04-11 02:16:08,718 - __main__ - INFO - Vulnerability added: fuzz_vuln_68 (severity: 0.03)
2026-04-11 02:16:08,718 - __main__ - INFO - Vulnerability added: fuzz_vuln_69 (severity: 1.25)
2026-04-11 02:16:08,719 - __main__ - INFO - Vulnerability added: fuzz_vuln_70 (severity: 1.00)
2026-04-11 02:16:08,719 - __main__ - INFO - Vulnerability added: fuzz_vuln_71 (severity: 1.01)
2026-04-11 02:16:08,719 - __main__ - INFO - Vulnerability added: fuzz_vuln_72 (severity: 1.00)
2026-04-11 02:16:08,719 - __main__ - INFO - Vulnerability added: fuzz_vuln_73 (severity: 0.09)
2026-04-11 02:16:08,719 - __main__ - INFO - Vulnerability added: fuzz_vuln_74 (severity: 1.20)
2026-04-11 02:16:08,719 - __main__ - INFO - Vulnerability added: fuzz_vuln_75 (severity: 1.04)
2026-04-11 02:16:08,719 - __main__ - INFO - Vulnerability added: fuzz_vuln_76 (severity: 1.33)
2026-04-11 02:16:08,719 - __main__ - INFO - Vulnerability added: fuzz_vuln_77 (severity: 0.54)
2026-04-11 02:16:08,719 - __main__ - INFO - Vulnerability added: fuzz_vuln_78 (severity: 1.00)
2026-04-11 02:16:08,719 - __main__ - INFO - Vulnerability added: fuzz_vuln_79 (severity: 0.09)
2026-04-11 02:16:08,720 - __main__ - INFO - Vulnerability added: fuzz_vuln_80 (severity: 1.21)
2026-04-11 02:16:08,720 - __main__ - INFO - Vulnerability added: fuzz_vuln_81 (severity: 1.00)
2026-04-11 02:16:08,720 - __main__ - INFO - Vulnerability added: fuzz_vuln_82 (severity: 1.00)
2026-04-11 02:16:08,720 - __main__ - INFO - Vulnerability added: fuzz_vuln_83 (severity: 1.00)
2026-04-11 02:16:08,720 - __main__ - INFO - Vulnerability added: fuzz_vuln_84 (severity: 1.00)
2026-04-11 02:16:08,720 - __main__ - INFO - Vulnerability added: fuzz_vuln_85 (severity: 0.25)
2026-04-11 02:16:08,720 - __main__ - INFO - Vulnerability added: fuzz_vuln_86 (severity: 0.26)
2026-04-11 02:16:08,720 - __main__ - INFO - Vulnerability added: fuzz_vuln_87 (severity: 1.01)
2026-04-11 02:16:08,720 - __main__ - INFO - Vulnerability added: fuzz_vuln_88 (severity: 0.16)
2026-04-11 02:16:08,720 - __main__ - INFO - Vulnerability added: fuzz_vuln_89 (severity: 1.22)
2026-04-11 02:16:08,721 - __main__ - INFO - Vulnerability added: fuzz_vuln_90 (severity: 0.09)
2026-04-11 02:16:08,721 - __main__ - INFO - Vulnerability added: fuzz_vuln_91 (severity: 1.00)
2026-04-11 02:16:08,721 - __main__ - INFO - Vulnerability added: fuzz_vuln_92 (severity: 1.26)
2026-04-11 02:16:08,721 - __main__ - INFO - Vulnerability added: fuzz_vuln_93 (severity: 0.20)
2026-04-11 02:16:08,721 - __main__ - INFO - Vulnerability added: fuzz_vuln_94 (severity: 1.48)
2026-04-11 02:16:08,721 - __main__ - INFO - Vulnerability added: fuzz_vuln_95 (severity: 0.77)
2026-04-11 02:16:08,721 - __main__ - INFO - Vulnerability added: fuzz_vuln_96 (severity: 1.00)
2026-04-11 02:16:08,721 - __main__ - INFO - Vulnerability added: fuzz_vuln_97 (severity: 1.19)
2026-04-11 02:16:08,721 - __main__ - INFO - Vulnerability added: fuzz_vuln_98 (severity: 0.14)
2026-04-11 02:16:08,721 - __main__ - INFO - Vulnerability added: fuzz_vuln_99 (severity: 0.58)
2026-04-11 02:16:08,721 - __main__ - INFO - Vulnerability added: fuzz_vuln_100 (severity: 1.34)
2026-04-11 02:16:08,721 - __main__ - INFO - Vulnerability added: fuzz_vuln_101 (severity: 0.29)
2026-04-11 02:16:08,721 - __main__ - INFO - Vulnerability added: fuzz_vuln_102 (severity: 1.28)
2026-04-11 02:16:08,721 - __main__ - INFO - Vulnerability added: fuzz_vuln_103 (severity: 1.00)
2026-04-11 02:16:08,721 - __main__ - INFO - Vulnerability added: fuzz_vuln_104 (severity: 1.61)
2026-04-11 02:16:08,722 - __main__ - INFO - Vulnerability added: fuzz_vuln_105 (severity: 1.17)
2026-04-11 02:16:08,722 - __main__ - INFO - Vulnerability added: fuzz_vuln_106 (severity: 1.00)
2026-04-11 02:16:08,722 - __main__ - INFO - Vulnerability added: fuzz_vuln_107 (severity: 0.91)
2026-04-11 02:16:08,722 - __main__ - INFO - Vulnerability added: fuzz_vuln_108 (severity: 1.32)
2026-04-11 02:16:08,722 - __main__ - INFO - Vulnerability added: fuzz_vuln_109 (severity: 1.29)
2026-04-11 02:16:08,722 - __main__ - INFO - Vulnerability added: fuzz_vuln_110 (severity: 0.99)
2026-04-11 02:16:08,725 - __main__ - INFO - Explored 1296 paths, found 1296 interesting paths
2026-04-11 02:16:08,726 - __main__ - INFO - Vulnerability added: symbolic_vuln_111 (severity: 0.87)
2026-04-11 02:16:08,726 - __main__ - INFO - Vulnerability added: symbolic_vuln_112 (severity: 0.65)
2026-04-11 02:16:08,726 - __main__ - INFO - Vulnerability added: symbolic_vuln_113 (severity: 0.85)
2026-04-11 02:16:08,726 - __main__ - INFO - Vulnerability added: symbolic_vuln_114 (severity: 0.89)
2026-04-11 02:16:08,726 - __main__ - INFO - Vulnerability added: symbolic_vuln_115 (severity: 0.87)
2026-04-11 02:16:08,726 - __main__ - INFO - Vulnerability added: symbolic_vuln_116 (severity: 0.87)
2026-04-11 02:16:08,726 - __main__ - INFO - Vulnerability added: symbolic_vuln_117 (severity: 0.65)
2026-04-11 02:16:08,726 - __main__ - INFO - Vulnerability added: symbolic_vuln_118 (severity: 0.63)
2026-04-11 02:16:08,726 - __main__ - INFO - Vulnerability added: symbolic_vuln_119 (severity: 0.61)
2026-04-11 02:16:08,727 - __main__ - INFO - Vulnerability added: symbolic_vuln_120 (severity: 0.65)
2026-04-11 02:16:08,727 - __main__ - INFO - Discovered 60 vulnerabilities
