[2026-04-10T16:08:48.101035] BLOCKED - Law 0 violation(s) detected | Operation: test_402 (infrastructure_shutdown) | Requester: user123 | Reasons: Operation 'infrastructure_shutdown' requires safety review to prevent collective harm
[2026-04-10T16:08:48.107655] BLOCKED - Law 1 violation(s) detected | Operation: test_403 (data_read) | Requester: user123 | Reasons: Privacy-affecting operation requires explicit consent | Individual data operation requires consent from affected person
[2026-04-10T16:08:48.114652] BLOCKED - Law 1, Law 2 violation(s) detected | Operation: test_404 (data_delete) | Requester: admin123 | Reasons: Individual data operation requires consent from affected person; Sensitive operation 'data_delete' must be audited
[2026-04-10T16:08:48.123964] BLOCKED - Law 1 violation(s) detected | Operation: test_405b (data_read) | Requester: user123 | Reasons: Privacy-affecting operation requires explicit consent | Individual data operation requires consent from affected person
[2026-04-10T16:08:48.130969] BLOCKED - Law 1 violation(s) detected | Operation: test_406 (data_delete) | Requester: admin123 | Reasons: Individual data operation requires consent from affected person
[2026-04-10T16:08:48.232736] BLOCKED - Law 0 violation(s) detected | Operation: test_407 (infrastructure_shutdown) | Requester: admin123 | Reasons: Operation 'infrastructure_shutdown' requires safety review to prevent collective harm
[2026-04-10T16:09:12.693669] BLOCKED - Law 2 violation(s) detected | Operation: test_406 (data_delete) | Requester: admin123 | Reasons: Multi-user operations require legal compliance verification | Sensitive operation 'data_delete' must be audited
[2026-04-10T16:09:25.700135] BLOCKED - Law 0 violation(s) detected | Operation: test_402 (infrastructure_shutdown) | Requester: user123 | Reasons: Operation 'infrastructure_shutdown' requires safety review to prevent collective harm
[2026-04-10T16:09:25.704172] BLOCKED - Law 1 violation(s) detected | Operation: test_403 (data_read) | Requester: user123 | Reasons: Privacy-affecting operation requires explicit consent | Individual data operation requires consent from affected person
[2026-04-10T16:09:25.711243] BLOCKED - Law 1, Law 2 violation(s) detected | Operation: test_404 (data_delete) | Requester: admin123 | Reasons: Individual data operation requires consent from affected person; Sensitive operation 'data_delete' must be audited
[2026-04-10T16:09:25.717348] BLOCKED - Law 1 violation(s) detected | Operation: test_405b (data_read) | Requester: user123 | Reasons: Privacy-affecting operation requires explicit consent | Individual data operation requires consent from affected person
[2026-04-10T16:09:25.722026] BLOCKED - Law 2 violation(s) detected | Operation: test_406 (data_delete) | Requester: admin123 | Reasons: Multi-user operations require legal compliance verification | Sensitive operation 'data_delete' must be audited
[2026-04-10T16:09:25.728552] BLOCKED - Law 0 violation(s) detected | Operation: test_407 (infrastructure_shutdown) | Requester: admin123 | Reasons: Operation 'infrastructure_shutdown' requires safety review to prevent collective harm
[2026-04-10T16:10:23.835536] BLOCKED - Law 0 violation(s) detected | Operation: example_002 (infrastructure_shutdown) | Requester: user@example.com | Reasons: Operation 'infrastructure_shutdown' requires safety review to prevent collective harm
[2026-04-10T16:10:23.837539] BLOCKED - Law 1 violation(s) detected | Operation: example_003 (data_read) | Requester: investigator@example.com | Reasons: Privacy-affecting operation requires explicit consent | Individual data operation requires consent from affected person | Health data operations require elevated authorization
[2026-04-10T16:10:23.838535] BLOCKED - Law 2 violation(s) detected | Operation: example_004 (data_delete) | Requester: admin@example.com | Reasons: Multi-user operations require legal compliance verification | Sensitive operation 'data_delete' must be audited
[2026-04-10T16:10:23.842532] BLOCKED - Law 1 violation(s) detected | Operation: redroom_exec_1775859023.841535 (tool_execution) | Requester: forensic_analyst@example.com | Reasons: Privacy-affecting operation requires explicit consent
[2026-04-10T16:10:23.845670] BLOCKED - Law 1, Law 2 violation(s) detected | Operation: example_008 (data_delete) | Requester: user@example.com | Reasons: Individual data operation requires consent from affected person; Sensitive operation 'data_delete' must be audited
[2026-04-10T16:12:17.227285] BLOCKED - Law 0 violation(s) detected | Operation: test_402 (infrastructure_shutdown) | Requester: user123 | Reasons: Operation 'infrastructure_shutdown' requires safety review to prevent collective harm
[2026-04-10T16:12:17.231291] BLOCKED - Law 1 violation(s) detected | Operation: test_403 (data_read) | Requester: user123 | Reasons: Privacy-affecting operation requires explicit consent | Individual data operation requires consent from affected person
[2026-04-10T16:12:17.236289] BLOCKED - Law 1, Law 2 violation(s) detected | Operation: test_404 (data_delete) | Requester: admin123 | Reasons: Individual data operation requires consent from affected person; Sensitive operation 'data_delete' must be audited
[2026-04-10T16:12:17.240291] BLOCKED - Law 1 violation(s) detected | Operation: test_405b (data_read) | Requester: user123 | Reasons: Privacy-affecting operation requires explicit consent | Individual data operation requires consent from affected person
[2026-04-10T16:12:17.244799] BLOCKED - Law 2 violation(s) detected | Operation: test_406 (data_delete) | Requester: admin123 | Reasons: Multi-user operations require legal compliance verification | Sensitive operation 'data_delete' must be audited
[2026-04-10T16:12:17.249807] BLOCKED - Law 0 violation(s) detected | Operation: test_407 (infrastructure_shutdown) | Requester: admin123 | Reasons: Operation 'infrastructure_shutdown' requires safety review to prevent collective harm
