# commands.log - every command as executed (start/end/exit/output)
=== [01a_git_ls_files] Git-tracked file list ===
start=2026-07-10T18:48:20.9216126-06:00  cwd=T:\00-Active\Project-AI-Beginnings  head=656a26dbb245d5d2dbd2626389e9204737698882  tool=git
command: git ls-files
output: raw/01a_git_ls_files.txt
end=2026-07-10T18:48:21.1094559-06:00  exit=0

=== [01b_git_ls_files_count] Git-tracked file count ===
start=2026-07-10T18:48:21.1133575-06:00  cwd=T:\00-Active\Project-AI-Beginnings  head=656a26dbb245d5d2dbd2626389e9204737698882  tool=git
command: (git ls-files | Measure-Object).Count
output: raw/01b_git_ls_files_count.txt
end=2026-07-10T18:48:21.1821652-06:00  exit=0

=== [07_git_count_objects] Git object database size ===
start=2026-07-10T18:48:21.1853594-06:00  cwd=T:\00-Active\Project-AI-Beginnings  head=656a26dbb245d5d2dbd2626389e9204737698882  tool=git
command: git count-objects -vH
output: raw/07_git_count_objects.txt
end=2026-07-10T18:48:21.3415718-06:00  exit=0

=== [08_first_commit] First reachable commit (root) ===
start=2026-07-10T18:48:21.3442556-06:00  cwd=T:\00-Active\Project-AI-Beginnings  head=656a26dbb245d5d2dbd2626389e9204737698882  tool=git
command: $root = (git rev-list --max-parents=0 HEAD) git show -s --format='sha=%H%nauthor=%an <%ae>%ndate=%ad%nsubject=%s' --date=iso-strict $root
output: raw/08_first_commit.txt
end=2026-07-10T18:48:21.5098077-06:00  exit=0

=== [09_head_commit] HEAD commit details ===
start=2026-07-10T18:48:21.5129102-06:00  cwd=T:\00-Active\Project-AI-Beginnings  head=656a26dbb245d5d2dbd2626389e9204737698882  tool=git
command: git show -s --format='sha=%H%nauthor=%an <%ae>%nauthor_date=%ad%ncommitter_date=%cd%nsubject=%s' --date=iso-strict HEAD
output: raw/09_head_commit.txt
end=2026-07-10T18:48:21.6714159-06:00  exit=0

=== [11_commit_count_head] Commit count on current branch ===
start=2026-07-10T18:48:21.6742872-06:00  cwd=T:\00-Active\Project-AI-Beginnings  head=656a26dbb245d5d2dbd2626389e9204737698882  tool=git
command: git rev-list --count HEAD
output: raw/11_commit_count_head.txt
end=2026-07-10T18:48:21.7395865-06:00  exit=0

=== [12_commit_count_all] Commit count all reachable refs ===
start=2026-07-10T18:48:21.7427139-06:00  cwd=T:\00-Active\Project-AI-Beginnings  head=656a26dbb245d5d2dbd2626389e9204737698882  tool=git
command: git rev-list --count --all
output: raw/12_commit_count_all.txt
end=2026-07-10T18:48:21.8135817-06:00  exit=0

=== [41a_branches_local] Local branches ===
start=2026-07-10T18:48:21.8169296-06:00  cwd=T:\00-Active\Project-AI-Beginnings  head=656a26dbb245d5d2dbd2626389e9204737698882  tool=git
command: git branch
output: raw/41a_branches_local.txt
end=2026-07-10T18:48:21.8894608-06:00  exit=0

=== [41b_branches_remote] Remote branches ===
start=2026-07-10T18:48:21.8923475-06:00  cwd=T:\00-Active\Project-AI-Beginnings  head=656a26dbb245d5d2dbd2626389e9204737698882  tool=git
command: git branch -r
output: raw/41b_branches_remote.txt
end=2026-07-10T18:48:21.9664386-06:00  exit=0

=== [41c_tags] Tags ===
start=2026-07-10T18:48:21.9692230-06:00  cwd=T:\00-Active\Project-AI-Beginnings  head=656a26dbb245d5d2dbd2626389e9204737698882  tool=git
command: git tag
output: raw/41c_tags.txt
end=2026-07-10T18:48:22.0355382-06:00  exit=0

=== [41d_submodules] Submodules ===
start=2026-07-10T18:48:22.0473105-06:00  cwd=T:\00-Active\Project-AI-Beginnings  head=656a26dbb245d5d2dbd2626389e9204737698882  tool=git
command: git submodule status
output: raw/41d_submodules.txt
end=2026-07-10T18:48:23.0368333-06:00  exit=0

=== [41e_worktrees] Worktrees ===
start=2026-07-10T18:48:23.0401810-06:00  cwd=T:\00-Active\Project-AI-Beginnings  head=656a26dbb245d5d2dbd2626389e9204737698882  tool=git
command: git worktree list
output: raw/41e_worktrees.txt
end=2026-07-10T18:48:23.1083552-06:00  exit=0

=== [42a_git_status] git status --short ===
start=2026-07-10T18:48:23.1111201-06:00  cwd=T:\00-Active\Project-AI-Beginnings  head=656a26dbb245d5d2dbd2626389e9204737698882  tool=git
command: git status --short
output: raw/42a_git_status.txt
end=2026-07-10T18:48:23.1894348-06:00  exit=0

=== [42b_git_fsck] git fsck --full ===
start=2026-07-10T18:48:23.1926695-06:00  cwd=T:\00-Active\Project-AI-Beginnings  head=656a26dbb245d5d2dbd2626389e9204737698882  tool=git
command: git fsck --full
output: raw/42b_git_fsck.txt
end=2026-07-10T18:48:29.6308470-06:00  exit=0

=== [_git_log_head] HEAD log (H|an|ae|ad|cd) ===
start=2026-07-10T18:48:29.6337584-06:00  cwd=T:\00-Active\Project-AI-Beginnings  head=656a26dbb245d5d2dbd2626389e9204737698882  tool=git
command: git --no-pager log '--format=%H|%an|%ae|%ad|%cd' --date=iso-strict HEAD
output: raw/_git_log_head.txt
end=2026-07-10T18:48:29.8003340-06:00  exit=0

=== [_git_log_all] All-refs log (H|an|ae|ad) ===
start=2026-07-10T18:48:29.8032798-06:00  cwd=T:\00-Active\Project-AI-Beginnings  head=656a26dbb245d5d2dbd2626389e9204737698882  tool=git
command: git --no-pager log --all '--format=%H|%an|%ae|%ad' --date=iso-strict
output: raw/_git_log_all.txt
end=2026-07-10T18:48:29.9925499-06:00  exit=0

=== [_git_numstat_head] HEAD numstat by commit ===
start=2026-07-10T18:48:29.9953798-06:00  cwd=T:\00-Active\Project-AI-Beginnings  head=656a26dbb245d5d2dbd2626389e9204737698882  tool=git
command: git --no-pager log --numstat '--format=@@@|%H|%an|%ae' HEAD
output: raw/_git_numstat_head.txt
end=2026-07-10T18:48:30.5618790-06:00  exit=0

=== [18a_scc] Line counts (scc) ===
start=2026-07-10T18:48:30.5673433-06:00  cwd=T:\00-Active\Project-AI-Beginnings  head=656a26dbb245d5d2dbd2626389e9204737698882  tool=scc
command: scc --exclude-dir $excl .
output: raw/18a_scc.txt
end=2026-07-10T18:48:31.0768722-06:00  exit=0

=== [18a_scc_json] Line counts (scc json) ===
start=2026-07-10T18:48:31.0822578-06:00  cwd=T:\00-Active\Project-AI-Beginnings  head=656a26dbb245d5d2dbd2626389e9204737698882  tool=scc
command: scc --exclude-dir $excl --format json .
output: raw/18a_scc_json.txt
end=2026-07-10T18:48:31.3638706-06:00  exit=0

=== [18b_cloc_tracked] Line counts (cloc, git-tracked) ===
start=2026-07-10T18:48:31.3677643-06:00  cwd=T:\00-Active\Project-AI-Beginnings  head=656a26dbb245d5d2dbd2626389e9204737698882  tool=cloc
command: cloc --vcs=git --quiet
output: raw/18b_cloc_tracked.txt
end=2026-07-10T18:48:31.5763706-06:00  exit=0

=== [26a_ruff_check] Ruff lint ===
start=2026-07-10T18:48:31.5970180-06:00  cwd=T:\00-Active\Project-AI-Beginnings  head=656a26dbb245d5d2dbd2626389e9204737698882  tool=ruff
command: uv run ruff check . --output-format=concise
output: raw/26a_ruff_check.txt
end=2026-07-10T18:48:32.9292437-06:00  exit=1

=== [26b_ruff_format] Ruff format check ===
start=2026-07-10T18:48:32.9314807-06:00  cwd=T:\00-Active\Project-AI-Beginnings  head=656a26dbb245d5d2dbd2626389e9204737698882  tool=ruff
command: uv run ruff format --check .
output: raw/26b_ruff_format.txt
end=2026-07-10T18:48:33.2526828-06:00  exit=1

=== [26c_mypy] mypy (configured strict set) ===
start=2026-07-10T18:48:33.2552802-06:00  cwd=T:\00-Active\Project-AI-Beginnings  head=656a26dbb245d5d2dbd2626389e9204737698882  tool=mypy
command: uv run python -m mypy packages apps/desktop apps/services tools
output: raw/26c_mypy.txt
end=2026-07-10T18:48:35.2557915-06:00  exit=2

=== [26d_black] Black check (optional, not repo-configured) ===
start=2026-07-10T18:48:35.2601033-06:00  cwd=T:\00-Active\Project-AI-Beginnings  head=656a26dbb245d5d2dbd2626389e9204737698882  tool=black
command: uv run black --check .
output: raw/26d_black.txt
end=2026-07-10T18:48:50.1999679-06:00  exit=123

=== [26e_bandit] Bandit security scan (optional) ===
start=2026-07-10T18:48:50.2030611-06:00  cwd=T:\00-Active\Project-AI-Beginnings  head=656a26dbb245d5d2dbd2626389e9204737698882  tool=bandit
command: uv run bandit -r packages apps -q -f txt
output: raw/26e_bandit.txt
end=2026-07-10T18:48:58.7563804-06:00  exit=1

=== [26f_pyright] Pyright (optional, scoped sample; not repo-configured) ===
start=2026-07-10T18:48:58.7587875-06:00  cwd=T:\00-Active\Project-AI-Beginnings  head=656a26dbb245d5d2dbd2626389e9204737698882  tool=pyright
command: pyright packages/kernel/src/kernel
output: raw/26f_pyright.txt
end=2026-07-10T18:49:01.0164238-06:00  exit=1

=== [26g_eslint_web] ESLint via repo pnpm web:lint (configured) ===
start=2026-07-10T18:49:01.0438692-06:00  cwd=T:\00-Active\Project-AI-Beginnings  head=656a26dbb245d5d2dbd2626389e9204737698882  tool=pnpm
command: pnpm web:lint
output: raw/26g_eslint_web.txt
end=2026-07-10T18:49:17.3675908-06:00  exit=1

=== [13_17_aggregate] Authorship/activity aggregation ===
start=2026-07-10T18:49:17.3704028-06:00  cwd=T:\00-Active\Project-AI-Beginnings  head=656a26dbb245d5d2dbd2626389e9204737698882  tool=python
command: uv run python (Join-Path $R 'aggregate.py') $R
output: raw/13_17_aggregate.txt
end=2026-07-10T18:49:17.6147681-06:00  exit=0

=== [27_40_inventory] Structural inventories + tree ===
start=2026-07-10T18:49:17.6175126-06:00  cwd=T:\00-Active\Project-AI-Beginnings  head=656a26dbb245d5d2dbd2626389e9204737698882  tool=python
command: uv run python (Join-Path $R 'inventory.py') $ROOT $R
output: raw/27_40_inventory.txt
end=2026-07-10T18:49:19.8819132-06:00  exit=0

=== [43_git_archive] Deterministic archive of HEAD ===
start=2026-07-10T18:49:19.8843120-06:00  cwd=T:\00-Active\Project-AI-Beginnings  head=656a26dbb245d5d2dbd2626389e9204737698882  tool=git
command: git archive --format=tar.gz -o $arch HEAD; "archive: $arch"; "head: $HEAD"
output: raw/43_git_archive.txt
end=2026-07-10T18:49:22.5261600-06:00  exit=0

=== [26a2_ruff_repo] Ruff lint (repo, receipt dir excluded) (CORRECTIVE RE-RUN) ===
start=2026-07-10T18:51:39.9663589-06:00 cwd=T:\00-Active\Project-AI-Beginnings head=656a26dbb245d5d2dbd2626389e9204737698882 tool=ruff
command: uv run ruff check . --exclude project-ai-receipts-2026-07-10 --output-format=concise
output: raw/26a2_ruff_repo.txt
end=2026-07-10T18:51:40.4457899-06:00 exit=0

=== [26b2_ruff_format_repo] Ruff format check (repo, receipt excluded) (CORRECTIVE RE-RUN) ===
start=2026-07-10T18:51:40.4603877-06:00 cwd=T:\00-Active\Project-AI-Beginnings head=656a26dbb245d5d2dbd2626389e9204737698882 tool=ruff
command: uv run ruff format --check . --exclude project-ai-receipts-2026-07-10
output: raw/26b2_ruff_format_repo.txt
end=2026-07-10T18:51:40.7621177-06:00 exit=0

=== [26c2_mypy_precommit] mypy via repo pre-commit hook (configured gate) (CORRECTIVE RE-RUN) ===
start=2026-07-10T18:51:40.7657596-06:00 cwd=T:\00-Active\Project-AI-Beginnings head=656a26dbb245d5d2dbd2626389e9204737698882 tool=pre-commit/mypy
command: uv run python -m pre_commit run mypy --all-files
output: raw/26c2_mypy_precommit.txt
end=2026-07-10T18:52:06.5921499-06:00 exit=0

=== [26e2_bandit_py312] Bandit under project py3.12 (CORRECTIVE) ===
start=2026-07-11T00:52:25Z head=656a26dbb245d5d2dbd2626389e9204737698882 tool=bandit
command: uv run --with bandit bandit -r packages apps -f json
output: raw/26e2_bandit.json
end=2026-07-11T00:52:40Z


########################################################################
# SUPPLEMENTARY COMMANDS (run directly, outside collect.ps1)
# cwd for all: t:/00-Active/Project-AI-Beginnings ; head: 656a26dbb245d5d2dbd2626389e9204737698882
########################################################################
[analyze.py]   uv run python project-ai-receipts-2026-07-10/analyze.py <root> <receipt>  -> fs_metrics.json + raw/02-06,18,19,20,21,22,23,34,35,36,37,38,39  (exit 0)
[pytest]       uv run python -m pytest --junitxml=raw/pytest-junit.xml -rN -q  -> raw/24_pytest.txt (2509 passed/1 xfailed, exit 0)
[semgrep #1]   timeout 180 semgrep scan --config auto --metrics=off ... -> raw/26h_semgrep.txt (exit 2: auto config needs telemetry; declined)
[bandit py312] PYTHONUTF8=1 uv run --with bandit bandit -r packages apps -f json -o raw/26e2_bandit.json (exit 1: 2923 findings)
[aggregate.py] uv run python aggregate.py <receipt>  (re-run with corrected AI-agent classifier) -> raw/10,13,14,15,16,17 + git_activity.json (exit 0)
[synthesize.py] uv run python synthesize.py -> summary.json, summary.csv (exit 0)
[environment]  version probes -> environment.txt
[archive hash] sha256sum archive/project-ai-HEAD.tar.gz = be4b128d37e96013e9e94c1c096e7c9f592457f354085bb18605baaa2a63a343
[SHA256SUMS]   find . -type f ! -name SHA256SUMS.txt | sha256sum -> SHA256SUMS.txt
