[2026-04-20 10:47:29] [INFO] === Archive Metadata Processing Started ===
[2026-04-20 10:47:29] [INFO] Archive Path: .\docs\internal\archive
[2026-04-20 10:47:29] [INFO] Dry Run: True
[2026-04-20 10:47:29] [INFO] Log Path: .\automation-logs\archive-metadata-20260420-104729.log
[2026-04-20 10:47:29] [INFO] Found 134 markdown files to process
[2026-04-20 10:47:29] [INFO] Processing: ACTIONABLE_RECOMMENDATIONS_IMPLEMENTATION.md
[2026-04-20 10:47:29] [INFO]   [DRY RUN] Would add frontmatter to: ACTIONABLE_RECOMMENDATIONS_IMPLEMENTATION.md
[2026-04-20 10:47:29] [INFO] Processing: ADVERSARIAL_TESTS_COMPLETE.md
[2026-04-20 10:47:29] [INFO]   [DRY RUN] Would add frontmatter to: ADVERSARIAL_TESTS_COMPLETE.md
[2026-04-20 10:47:29] [INFO] Processing: ALL_PATCHES_COMPLETE.md
[2026-04-20 10:47:29] [INFO]   [DRY RUN] Would add frontmatter to: ALL_PATCHES_COMPLETE.md
[2026-04-20 10:47:29] [INFO] Processing: ANDROID_COMPLETE.md
[2026-04-20 10:47:29] [INFO]   [DRY RUN] Would add frontmatter to: ANDROID_COMPLETE.md
[2026-04-20 10:47:29] [INFO] Processing: ARCHIVE_INDEX.md
[2026-04-20 10:47:29] [INFO]   [DRY RUN] Would add frontmatter to: ARCHIVE_INDEX.md
[2026-04-20 10:47:29] [INFO] Processing: AUTOMATED_RELEASE_BUILD_SUMMARY.md
[2026-04-20 10:47:29] [INFO]   [DRY RUN] Would add frontmatter to: AUTOMATED_RELEASE_BUILD_SUMMARY.md
[2026-04-20 10:47:29] [INFO] Processing: BADGE_RECOMMENDATIONS.md
[2026-04-20 10:47:29] [INFO]   [DRY RUN] Would add frontmatter to: BADGE_RECOMMENDATIONS.md
[2026-04-20 10:47:29] [INFO] Processing: CI_CD_FIX_ANALYSIS.md
[2026-04-20 10:47:29] [INFO]   [DRY RUN] Would add frontmatter to: CI_CD_FIX_ANALYSIS.md
[2026-04-20 10:47:29] [INFO] Processing: CLEANUP_SUMMARY.md
[2026-04-20 10:47:29] [INFO]   [DRY RUN] Would add frontmatter to: CLEANUP_SUMMARY.md
[2026-04-20 10:47:30] [INFO] Processing: COMPLETE_TEST_SUITE_SUMMARY.md
[2026-04-20 10:47:30] [INFO]   [DRY RUN] Would add frontmatter to: COMPLETE_TEST_SUITE_SUMMARY.md
[2026-04-20 10:47:30] [INFO] Processing: CRITICAL_FIXES_SUMMARY.md
[2026-04-20 10:47:30] [INFO]   [DRY RUN] Would add frontmatter to: CRITICAL_FIXES_SUMMARY.md
[2026-04-20 10:47:30] [INFO] Processing: DEFENSE_ENGINE_IMPLEMENTATION_COMPLETE.md
[2026-04-20 10:47:30] [INFO]   [DRY RUN] Would add frontmatter to: DEFENSE_ENGINE_IMPLEMENTATION_COMPLETE.md
[2026-04-20 10:47:30] [INFO] Processing: DEPLOYMENT_AND_RELEASE_COMPLETE.md
[2026-04-20 10:47:30] [INFO]   [DRY RUN] Would add frontmatter to: DEPLOYMENT_AND_RELEASE_COMPLETE.md
[2026-04-20 10:47:30] [INFO] Processing: DESKTOP_COMPLETE.md
[2026-04-20 10:47:30] [INFO]   [DRY RUN] Would add frontmatter to: DESKTOP_COMPLETE.md
[2026-04-20 10:47:30] [INFO] Processing: DIAGNOSTIC_REPORT_JAVA_INSTALLATION.md
[2026-04-20 10:47:30] [INFO]   [DRY RUN] Would add frontmatter to: DIAGNOSTIC_REPORT_JAVA_INSTALLATION.md
[2026-04-20 10:47:30] [INFO] Processing: DOMAIN_SUBSYSTEMS_COMPLETE.md
[2026-04-20 10:47:30] [INFO]   [DRY RUN] Would add frontmatter to: DOMAIN_SUBSYSTEMS_COMPLETE.md
[2026-04-20 10:47:30] [INFO] Processing: E2E_TEST_COVERAGE_SUMMARY.md
[2026-04-20 10:47:30] [INFO]   [DRY RUN] Would add frontmatter to: E2E_TEST_COVERAGE_SUMMARY.md
[2026-04-20 10:47:30] [INFO] Processing: ENHANCED_SYSTEMS_COMPLETE.md
[2026-04-20 10:47:30] [INFO]   [DRY RUN] Would add frontmatter to: ENHANCED_SYSTEMS_COMPLETE.md
[2026-04-20 10:47:30] [INFO] Processing: EXHAUSTIVE_TEST_EXECUTION_GUIDE.md
[2026-04-20 10:47:30] [INFO]   [DRY RUN] Would add frontmatter to: EXHAUSTIVE_TEST_EXECUTION_GUIDE.md
[2026-04-20 10:47:30] [INFO] Processing: FINAL_PROJECT_STATUS.md
[2026-04-20 10:47:30] [INFO]   [DRY RUN] Would add frontmatter to: FINAL_PROJECT_STATUS.md
[2026-04-20 10:47:30] [INFO] Processing: GITHUB_PUSH_SUCCESS.md
[2026-04-20 10:47:30] [INFO]   [DRY RUN] Would add frontmatter to: GITHUB_PUSH_SUCCESS.md
[2026-04-20 10:47:30] [INFO] Processing: GITHUB_UPDATE_GUIDE.md
[2026-04-20 10:47:30] [INFO]   [DRY RUN] Would add frontmatter to: GITHUB_UPDATE_GUIDE.md
[2026-04-20 10:47:30] [INFO] Processing: GLOBAL_SCENARIO_ENGINE_DOCS.md
[2026-04-20 10:47:30] [INFO]   [DRY RUN] Would add frontmatter to: GLOBAL_SCENARIO_ENGINE_DOCS.md
[2026-04-20 10:47:30] [INFO] Processing: GLOBAL_SCENARIO_ENGINE_FINDINGS.md
[2026-04-20 10:47:30] [INFO]   [DRY RUN] Would add frontmatter to: GLOBAL_SCENARIO_ENGINE_FINDINGS.md
[2026-04-20 10:47:30] [INFO] Processing: GLOBAL_SCENARIO_ENGINE_SUMMARY.md
[2026-04-20 10:47:30] [INFO]   [DRY RUN] Would add frontmatter to: GLOBAL_SCENARIO_ENGINE_SUMMARY.md
[2026-04-20 10:47:30] [INFO] Processing: GLOBAL_WATCH_TOWER.md
[2026-04-20 10:47:30] [INFO]   [DRY RUN] Would add frontmatter to: GLOBAL_WATCH_TOWER.md
[2026-04-20 10:47:30] [INFO] Processing: GOD_TIER_EXPANSION_COMPLETE.md
[2026-04-20 10:47:30] [INFO]   [DRY RUN] Would add frontmatter to: GOD_TIER_EXPANSION_COMPLETE.md
[2026-04-20 10:47:30] [INFO] Processing: GOD_TIER_EXPANSION_SUMMARY.md
[2026-04-20 10:47:30] [INFO]   [DRY RUN] Would add frontmatter to: GOD_TIER_EXPANSION_SUMMARY.md
[2026-04-20 10:47:30] [INFO] Processing: GOD_TIER_IMPLEMENTATION_EXECUTIVE_SUMMARY.md
[2026-04-20 10:47:30] [INFO]   [DRY RUN] Would add frontmatter to: GOD_TIER_IMPLEMENTATION_EXECUTIVE_SUMMARY.md
[2026-04-20 10:47:30] [INFO] Processing: GOD_TIER_IMPLEMENTATION_SUMMARY_NEW.md
[2026-04-20 10:47:30] [INFO]   [DRY RUN] Would add frontmatter to: GOD_TIER_IMPLEMENTATION_SUMMARY_NEW.md
[2026-04-20 10:47:30] [INFO] Processing: GRADLE_EVOLUTION_COMPLETE.md
[2026-04-20 10:47:30] [INFO]   [DRY RUN] Would add frontmatter to: GRADLE_EVOLUTION_COMPLETE.md
[2026-04-20 10:47:30] [INFO] Processing: GRADLE_IMPLEMENTATION_SUMMARY.md
[2026-04-20 10:47:31] [INFO]   [DRY RUN] Would add frontmatter to: GRADLE_IMPLEMENTATION_SUMMARY.md
[2026-04-20 10:47:31] [INFO] Processing: GUI_IMPLEMENTATION_COMPLETE.md
[2026-04-20 10:47:31] [INFO]   [DRY RUN] Would add frontmatter to: GUI_IMPLEMENTATION_COMPLETE.md
[2026-04-20 10:47:31] [INFO] Processing: IMPLEMENTATION_COMPLETE.md
[2026-04-20 10:47:31] [INFO]   [DRY RUN] Would add frontmatter to: IMPLEMENTATION_COMPLETE.md
[2026-04-20 10:47:31] [INFO] Processing: IMPLEMENTATION_STATUS.md
[2026-04-20 10:47:31] [INFO]   [DRY RUN] Would add frontmatter to: IMPLEMENTATION_STATUS.md
[2026-04-20 10:47:31] [INFO] Processing: IMPLEMENTATION_SUMMARY.md
[2026-04-20 10:47:31] [INFO]   [DRY RUN] Would add frontmatter to: IMPLEMENTATION_SUMMARY.md
[2026-04-20 10:47:31] [INFO] Processing: INTEGRATION_SUMMARY.md
[2026-04-20 10:47:31] [INFO]   [DRY RUN] Would add frontmatter to: INTEGRATION_SUMMARY.md
[2026-04-20 10:47:31] [INFO] Processing: MASTER_COMPLETE.md
[2026-04-20 10:47:31] [INFO]   [DRY RUN] Would add frontmatter to: MASTER_COMPLETE.md
[2026-04-20 10:47:31] [INFO] Processing: OPERATIONAL_SUBSTRUCTURE_GUIDE.md
[2026-04-20 10:47:31] [INFO]   [DRY RUN] Would add frontmatter to: OPERATIONAL_SUBSTRUCTURE_GUIDE.md
[2026-04-20 10:47:31] [INFO] Processing: OWASP_COMPLIANCE_COMPLETE.md
[2026-04-20 10:47:31] [INFO]   [DRY RUN] Would add frontmatter to: OWASP_COMPLIANCE_COMPLETE.md
[2026-04-20 10:47:31] [INFO] Processing: OWASP_COVERAGE_ANALYSIS.md
[2026-04-20 10:47:31] [INFO]   [DRY RUN] Would add frontmatter to: OWASP_COVERAGE_ANALYSIS.md
[2026-04-20 10:47:31] [INFO] Processing: PACE_ARCHITECTURE.md
[2026-04-20 10:47:31] [INFO]   [DRY RUN] Would add frontmatter to: PACE_ARCHITECTURE.md
[2026-04-20 10:47:31] [INFO] Processing: PACE_IMPLEMENTATION_SUMMARY.md
[2026-04-20 10:47:31] [INFO]   [DRY RUN] Would add frontmatter to: PACE_IMPLEMENTATION_SUMMARY.md
[2026-04-20 10:47:31] [INFO] Processing: PERPLEXITY_IMPLEMENTATION_SUMMARY.md
[2026-04-20 10:47:31] [INFO]   [DRY RUN] Would add frontmatter to: PERPLEXITY_IMPLEMENTATION_SUMMARY.md
[2026-04-20 10:47:31] [INFO] Processing: PRODUCTION_DEPLOYMENT.md
[2026-04-20 10:47:31] [INFO]   [DRY RUN] Would add frontmatter to: PRODUCTION_DEPLOYMENT.md
[2026-04-20 10:47:31] [INFO] Processing: PRODUCTION_HARDENING_COMPLETE.md
[2026-04-20 10:47:31] [INFO]   [DRY RUN] Would add frontmatter to: PRODUCTION_HARDENING_COMPLETE.md
[2026-04-20 10:47:31] [INFO] Processing: PRODUCTION_HARDENING_SUMMARY.md
[2026-04-20 10:47:31] [INFO]   [DRY RUN] Would add frontmatter to: PRODUCTION_HARDENING_SUMMARY.md
[2026-04-20 10:47:31] [INFO] Processing: PRODUCTION_INFRASTRUCTURE_COMPLETE.md
[2026-04-20 10:47:31] [INFO]   [DRY RUN] Would add frontmatter to: PRODUCTION_INFRASTRUCTURE_COMPLETE.md
[2026-04-20 10:47:31] [INFO] Processing: PROGRAM_SUMMARY.md
[2026-04-20 10:47:31] [INFO]   [DRY RUN] Would add frontmatter to: PROGRAM_SUMMARY.md
[2026-04-20 10:47:31] [INFO] Processing: PROJECT_AI_V1_COMPLETE.md
[2026-04-20 10:47:31] [INFO]   [DRY RUN] Would add frontmatter to: PROJECT_AI_V1_COMPLETE.md
[2026-04-20 10:47:31] [INFO] Processing: RELEASE_SUMMARY_v1.0.0.md
[2026-04-20 10:47:31] [INFO]   [DRY RUN] Would add frontmatter to: RELEASE_SUMMARY_v1.0.0.md
[2026-04-20 10:47:31] [INFO] Processing: REPO_RESOURCES_COMPLETE.md
[2026-04-20 10:47:32] [INFO]   [DRY RUN] Would add frontmatter to: REPO_RESOURCES_COMPLETE.md
[2026-04-20 10:47:32] [INFO] Processing: REPO_STRUCTURE.md
[2026-04-20 10:47:32] [INFO]   [DRY RUN] Would add frontmatter to: REPO_STRUCTURE.md
[2026-04-20 10:47:32] [INFO] Processing: RESTORATION_GUIDE.md
[2026-04-20 10:47:32] [INFO]   [DRY RUN] Would add frontmatter to: RESTORATION_GUIDE.md
[2026-04-20 10:47:32] [INFO] Processing: ROBOTIC_MAINFRAME_IMPLEMENTATION.md
[2026-04-20 10:47:32] [INFO]   [DRY RUN] Would add frontmatter to: ROBOTIC_MAINFRAME_IMPLEMENTATION.md
[2026-04-20 10:47:32] [INFO] Processing: SECURITY_ACTIVATION_STATUS.md
[2026-04-20 10:47:32] [INFO]   [DRY RUN] Would add frontmatter to: SECURITY_ACTIVATION_STATUS.md
[2026-04-20 10:47:32] [INFO] Processing: SECURITY_AGENTS_README.md
[2026-04-20 10:47:32] [INFO]   [DRY RUN] Would add frontmatter to: SECURITY_AGENTS_README.md
[2026-04-20 10:47:32] [INFO] Processing: SECURITY_INCIDENT_REPORT.md
[2026-04-20 10:47:32] [INFO]   [DRY RUN] Would add frontmatter to: SECURITY_INCIDENT_REPORT.md
[2026-04-20 10:47:32] [INFO] Processing: SECURITY_SUMMARY.md
[2026-04-20 10:47:32] [INFO]   [DRY RUN] Would add frontmatter to: SECURITY_SUMMARY.md
[2026-04-20 10:47:32] [INFO] Processing: SECURITY_UPDATE.md
[2026-04-20 10:47:32] [INFO]   [DRY RUN] Would add frontmatter to: SECURITY_UPDATE.md
[2026-04-20 10:47:32] [INFO] Processing: SOVEREIGN_MESSAGING_IMPLEMENTATION.md
[2026-04-20 10:47:32] [INFO]   [DRY RUN] Would add frontmatter to: SOVEREIGN_MESSAGING_IMPLEMENTATION.md
[2026-04-20 10:47:32] [INFO] Processing: STRESS_TEST_FIELDS_CONFIRMED.md
[2026-04-20 10:47:32] [INFO]   [DRY RUN] Would add frontmatter to: STRESS_TEST_FIELDS_CONFIRMED.md
[2026-04-20 10:47:32] [INFO] Processing: TARL_60_PERCENT_IMPROVEMENT_SUMMARY.md
[2026-04-20 10:47:32] [INFO]   [DRY RUN] Would add frontmatter to: TARL_60_PERCENT_IMPROVEMENT_SUMMARY.md
[2026-04-20 10:47:32] [INFO] Processing: TARL_EXTENDED_IMPLEMENTATION_SUMMARY.md
[2026-04-20 10:47:32] [INFO]   [DRY RUN] Would add frontmatter to: TARL_EXTENDED_IMPLEMENTATION_SUMMARY.md
[2026-04-20 10:47:32] [INFO] Processing: TARL_HARDENING_UX_IMPLEMENTATION.md
[2026-04-20 10:47:32] [INFO]   [DRY RUN] Would add frontmatter to: TARL_HARDENING_UX_IMPLEMENTATION.md
[2026-04-20 10:47:32] [INFO] Processing: TARL_IMPLEMENTATION.md
[2026-04-20 10:47:32] [INFO]   [DRY RUN] Would add frontmatter to: TARL_IMPLEMENTATION.md
[2026-04-20 10:47:32] [INFO] Processing: TARL_ORCHESTRATION_IMPLEMENTATION_REPORT.md
[2026-04-20 10:47:32] [INFO]   [DRY RUN] Would add frontmatter to: TARL_ORCHESTRATION_IMPLEMENTATION_REPORT.md
[2026-04-20 10:47:32] [INFO] Processing: TARL_PATCH_COMPLETE.md
[2026-04-20 10:47:32] [INFO]   [DRY RUN] Would add frontmatter to: TARL_PATCH_COMPLETE.md
[2026-04-20 10:47:32] [INFO] Processing: TARL_PRODUCTIVITY_ENHANCEMENT.md
[2026-04-20 10:47:32] [INFO]   [DRY RUN] Would add frontmatter to: TARL_PRODUCTIVITY_ENHANCEMENT.md
[2026-04-20 10:47:32] [INFO] Processing: TECHNICAL_WHITE_PAPER_SUMMARY.md
[2026-04-20 10:47:32] [INFO]   [DRY RUN] Would add frontmatter to: TECHNICAL_WHITE_PAPER_SUMMARY.md
[2026-04-20 10:47:32] [INFO] Processing: TEMPORAL_INTEGRATION_SUMMARY.md
[2026-04-20 10:47:32] [INFO]   [DRY RUN] Would add frontmatter to: TEMPORAL_INTEGRATION_SUMMARY.md
[2026-04-20 10:47:32] [INFO] Processing: TEMPORAL_SECURITY_AGENTS_QUICKSTART.md
[2026-04-20 10:47:32] [INFO]   [DRY RUN] Would add frontmatter to: TEMPORAL_SECURITY_AGENTS_QUICKSTART.md
[2026-04-20 10:47:32] [INFO] Processing: TESTING_FRAMEWORK_COMPLETE.md
[2026-04-20 10:47:32] [INFO]   [DRY RUN] Would add frontmatter to: TESTING_FRAMEWORK_COMPLETE.md
[2026-04-20 10:47:32] [INFO] Processing: THIRSTY_LANG_INTEGRATION.md
[2026-04-20 10:47:33] [INFO]   [DRY RUN] Would add frontmatter to: THIRSTY_LANG_INTEGRATION.md
[2026-04-20 10:47:33] [INFO] Processing: THIRSTY_LANG_TARL_WHITEPAPER.md
[2026-04-20 10:47:33] [INFO]   [DRY RUN] Would add frontmatter to: THIRSTY_LANG_TARL_WHITEPAPER.md
[2026-04-20 10:47:33] [INFO] Processing: TRIUMVIRATE_QUICKSTART.md
[2026-04-20 10:47:33] [INFO]   [DRY RUN] Would add frontmatter to: TRIUMVIRATE_QUICKSTART.md
[2026-04-20 10:47:33] [INFO] Processing: UNIQUENESS_VERIFICATION.md
[2026-04-20 10:47:33] [INFO]   [DRY RUN] Would add frontmatter to: UNIQUENESS_VERIFICATION.md
[2026-04-20 10:47:33] [INFO] Processing: WEB_CHARTER_DOWNLOADS_COMPLETE.md
[2026-04-20 10:47:33] [INFO]   [DRY RUN] Would add frontmatter to: WEB_CHARTER_DOWNLOADS_COMPLETE.md
[2026-04-20 10:47:33] [INFO] Processing: WHITEPAPER_SUMMARY.md
[2026-04-20 10:47:33] [INFO]   [DRY RUN] Would add frontmatter to: WHITEPAPER_SUMMARY.md
[2026-04-20 10:47:33] [INFO] Processing: WIRED_ETHICS_COMPLETE.md
[2026-04-20 10:47:33] [INFO]   [DRY RUN] Would add frontmatter to: WIRED_ETHICS_COMPLETE.md
[2026-04-20 10:47:33] [INFO] Processing: FINAL_SUMMARY.md
[2026-04-20 10:47:33] [INFO]   [DRY RUN] Would add frontmatter to: FINAL_SUMMARY.md
[2026-04-20 10:47:33] [INFO] Processing: GARAK_COMPREHENSIVE_REPORT.md
[2026-04-20 10:47:33] [INFO]   [DRY RUN] Would add frontmatter to: GARAK_COMPREHENSIVE_REPORT.md
[2026-04-20 10:47:33] [INFO] Processing: IMPLEMENTATION_COMPLETE.md
[2026-04-20 10:47:33] [INFO]   [DRY RUN] Would add frontmatter to: IMPLEMENTATION_COMPLETE.md
[2026-04-20 10:47:33] [INFO] Processing: MISSION_COMPLETE.md
[2026-04-20 10:47:33] [INFO]   [DRY RUN] Would add frontmatter to: MISSION_COMPLETE.md
[2026-04-20 10:47:33] [INFO] Processing: README.md
[2026-04-20 10:47:33] [INFO]   [DRY RUN] Would add frontmatter to: README.md
[2026-04-20 10:47:33] [INFO] Processing: BATCH_MERGE_CHECKLIST.md
[2026-04-20 10:47:33] [INFO]   [DRY RUN] Would add frontmatter to: BATCH_MERGE_CHECKLIST.md
[2026-04-20 10:47:33] [INFO] Processing: BATCH_MERGE_SUMMARY.md
[2026-04-20 10:47:33] [INFO]   [DRY RUN] Would add frontmatter to: BATCH_MERGE_SUMMARY.md
[2026-04-20 10:47:33] [INFO] Processing: BATCH_MERGE_VISUALIZATION.md
[2026-04-20 10:47:33] [INFO]   [DRY RUN] Would add frontmatter to: BATCH_MERGE_VISUALIZATION.md
[2026-04-20 10:47:33] [INFO] Processing: CLI_ENHANCEMENT_SUMMARY.md
[2026-04-20 10:47:33] [INFO]   [DRY RUN] Would add frontmatter to: CLI_ENHANCEMENT_SUMMARY.md
[2026-04-20 10:47:33] [INFO] Processing: README.md
[2026-04-20 10:47:33] [INFO]   [DRY RUN] Would add frontmatter to: README.md
[2026-04-20 10:47:33] [INFO] Processing: SECRET_REMOVAL_SUMMARY.md
[2026-04-20 10:47:33] [INFO]   [DRY RUN] Would add frontmatter to: SECRET_REMOVAL_SUMMARY.md
[2026-04-20 10:47:33] [INFO] Processing: SECURITY_FIX_SUMMARY.md
[2026-04-20 10:47:33] [INFO]   [DRY RUN] Would add frontmatter to: SECURITY_FIX_SUMMARY.md
[2026-04-20 10:47:33] [INFO] Processing: TARL_REFACTORING_SUMMARY.md
[2026-04-20 10:47:33] [INFO]   [DRY RUN] Would add frontmatter to: TARL_REFACTORING_SUMMARY.md
[2026-04-20 10:47:33] [INFO] Processing: CI_CHECK_ISSUES.md
[2026-04-20 10:47:34] [INFO]   [DRY RUN] Would add frontmatter to: CI_CHECK_ISSUES.md
[2026-04-20 10:47:34] [INFO] Processing: COMPLETE_REPOSITORY_AUDIT.md
[2026-04-20 10:47:34] [INFO]   [DRY RUN] Would add frontmatter to: COMPLETE_REPOSITORY_AUDIT.md
[2026-04-20 10:47:34] [INFO] Processing: CONTRARIAN_FIREWALL_COMPLETE.md
[2026-04-20 10:47:34] [INFO]   [DRY RUN] Would add frontmatter to: CONTRARIAN_FIREWALL_COMPLETE.md
[2026-04-20 10:47:34] [INFO] Processing: HEALTH_REPORT_SUMMARY.md
[2026-04-20 10:47:34] [INFO]   [DRY RUN] Would add frontmatter to: HEALTH_REPORT_SUMMARY.md
[2026-04-20 10:47:34] [INFO] Processing: IMPLEMENTATION_COMPLETE_PLANETARY_DEFENSE.md
[2026-04-20 10:47:34] [INFO]   [DRY RUN] Would add frontmatter to: IMPLEMENTATION_COMPLETE_PLANETARY_DEFENSE.md
[2026-04-20 10:47:34] [INFO] Processing: IMPLEMENTATION_COMPLETE_WATCHTOWER.md
[2026-04-20 10:47:34] [INFO]   [DRY RUN] Would add frontmatter to: IMPLEMENTATION_COMPLETE_WATCHTOWER.md
[2026-04-20 10:47:34] [INFO] Processing: IMPLEMENTATION_SUMMARY.md
[2026-04-20 10:47:34] [INFO]   [DRY RUN] Would add frontmatter to: IMPLEMENTATION_SUMMARY.md
[2026-04-20 10:47:34] [INFO] Processing: IRREVERSIBILITY_IMPLEMENTATION_SUMMARY.md
[2026-04-20 10:47:34] [INFO]   [DRY RUN] Would add frontmatter to: IRREVERSIBILITY_IMPLEMENTATION_SUMMARY.md
[2026-04-20 10:47:34] [INFO] Processing: MEMORY_OPTIMIZATION_SUMMARY.md
[2026-04-20 10:47:34] [INFO]   [DRY RUN] Would add frontmatter to: MEMORY_OPTIMIZATION_SUMMARY.md
[2026-04-20 10:47:34] [INFO] Processing: PHASE4_ACADEMIC_RIGOR_COMPLETE.md
[2026-04-20 10:47:34] [INFO]   [DRY RUN] Would add frontmatter to: PHASE4_ACADEMIC_RIGOR_COMPLETE.md
[2026-04-20 10:47:34] [INFO] Processing: PHASE5_EXTERNAL_DELIVERABLES_COMPLETE.md
[2026-04-20 10:47:34] [INFO]   [DRY RUN] Would add frontmatter to: PHASE5_EXTERNAL_DELIVERABLES_COMPLETE.md
[2026-04-20 10:47:34] [INFO] Processing: REVIEWER_TRAP_IMPLEMENTATION.md
[2026-04-20 10:47:34] [INFO]   [DRY RUN] Would add frontmatter to: REVIEWER_TRAP_IMPLEMENTATION.md
[2026-04-20 10:47:34] [INFO] Processing: SUPER_KERNEL_SUMMARY.md
[2026-04-20 10:47:34] [INFO]   [DRY RUN] Would add frontmatter to: SUPER_KERNEL_SUMMARY.md
[2026-04-20 10:47:34] [INFO] Processing: THIRSTYS_SECURITY_COMPLETE.md
[2026-04-20 10:47:34] [INFO]   [DRY RUN] Would add frontmatter to: THIRSTYS_SECURITY_COMPLETE.md
[2026-04-20 10:47:34] [INFO] Processing: WORKFLOWS_TO_DEPRECATE.md
[2026-04-20 10:47:34] [INFO]   [DRY RUN] Would add frontmatter to: WORKFLOWS_TO_DEPRECATE.md
[2026-04-20 10:47:34] [INFO] Processing: CRITICAL_SECRET_EXPOSURE_REPORT.md
[2026-04-20 10:47:34] [INFO]   [DRY RUN] Would add frontmatter to: CRITICAL_SECRET_EXPOSURE_REPORT.md
[2026-04-20 10:47:34] [INFO] Processing: README.md
[2026-04-20 10:47:34] [INFO]   [DRY RUN] Would add frontmatter to: README.md
[2026-04-20 10:47:34] [INFO] Processing: SECURITY_REMEDIATION_PLAN.md
[2026-04-20 10:47:34] [INFO]   [DRY RUN] Would add frontmatter to: SECURITY_REMEDIATION_PLAN.md
[2026-04-20 10:47:34] [INFO] Processing: URGENT_SECURITY_UPDATE.md
[2026-04-20 10:47:34] [INFO]   [DRY RUN] Would add frontmatter to: URGENT_SECURITY_UPDATE.md
[2026-04-20 10:47:34] [INFO] Processing: COMPLETION_SUMMARY.md
[2026-04-20 10:47:34] [INFO]   [DRY RUN] Would add frontmatter to: COMPLETION_SUMMARY.md
[2026-04-20 10:47:34] [INFO] Processing: CONSOLIDATION_PROPOSAL.md
[2026-04-20 10:47:34] [INFO]   [DRY RUN] Would add frontmatter to: CONSOLIDATION_PROPOSAL.md
[2026-04-20 10:47:34] [INFO] Processing: FINAL_SESSION_REPORT.md
[2026-04-20 10:47:34] [INFO]   [DRY RUN] Would add frontmatter to: FINAL_SESSION_REPORT.md
[2026-04-20 10:47:35] [INFO] Processing: FINAL_STATUS.md
[2026-04-20 10:47:35] [INFO]   [DRY RUN] Would add frontmatter to: FINAL_STATUS.md
[2026-04-20 10:47:35] [INFO] Processing: FIXES_APPLIED.md
[2026-04-20 10:47:35] [INFO]   [DRY RUN] Would add frontmatter to: FIXES_APPLIED.md
[2026-04-20 10:47:35] [INFO] Processing: FULL_PROGRAM_TEST_RESULTS.md
[2026-04-20 10:47:35] [INFO]   [DRY RUN] Would add frontmatter to: FULL_PROGRAM_TEST_RESULTS.md
[2026-04-20 10:47:35] [INFO] Processing: FULL_TEST_REPORT.md
[2026-04-20 10:47:35] [INFO]   [DRY RUN] Would add frontmatter to: FULL_TEST_REPORT.md
[2026-04-20 10:47:35] [INFO] Processing: IMPROVEMENT_AUDIT.md
[2026-04-20 10:47:35] [INFO]   [DRY RUN] Would add frontmatter to: IMPROVEMENT_AUDIT.md
[2026-04-20 10:47:35] [INFO] Processing: INFRASTRUCTURE_AUDIT_COMPLETE.md
[2026-04-20 10:47:35] [INFO]   [DRY RUN] Would add frontmatter to: INFRASTRUCTURE_AUDIT_COMPLETE.md
[2026-04-20 10:47:35] [INFO] Processing: LINT_FIXES_REPORT.md
[2026-04-20 10:47:35] [INFO]   [DRY RUN] Would add frontmatter to: LINT_FIXES_REPORT.md
[2026-04-20 10:47:35] [INFO] Processing: NEW_FEATURES_SUMMARY.md
[2026-04-20 10:47:35] [INFO]   [DRY RUN] Would add frontmatter to: NEW_FEATURES_SUMMARY.md
[2026-04-20 10:47:35] [INFO] Processing: PROJECT_STATUS.md
[2026-04-20 10:47:35] [INFO]   [DRY RUN] Would add frontmatter to: PROJECT_STATUS.md
[2026-04-20 10:47:35] [INFO] Processing: QUICK_REFERENCE_FIXES.md
[2026-04-20 10:47:35] [INFO]   [DRY RUN] Would add frontmatter to: QUICK_REFERENCE_FIXES.md
[2026-04-20 10:47:35] [INFO] Processing: QUICK_REFERENCE.md
[2026-04-20 10:47:35] [INFO]   [DRY RUN] Would add frontmatter to: QUICK_REFERENCE.md
[2026-04-20 10:47:35] [INFO] Processing: QUICK_START.md
[2026-04-20 10:47:35] [INFO]   [DRY RUN] Would add frontmatter to: QUICK_START.md
[2026-04-20 10:47:35] [INFO] Processing: README.md
[2026-04-20 10:47:35] [INFO]   [DRY RUN] Would add frontmatter to: README.md
[2026-04-20 10:47:35] [INFO] Processing: SESSION_LEATHER_BOOK_COMPLETE.md
[2026-04-20 10:47:35] [INFO]   [DRY RUN] Would add frontmatter to: SESSION_LEATHER_BOOK_COMPLETE.md
[2026-04-20 10:47:35] [INFO] Processing: SESSION_STATUS.md
[2026-04-20 10:47:35] [INFO]   [DRY RUN] Would add frontmatter to: SESSION_STATUS.md
[2026-04-20 10:47:35] [INFO] Processing: SESSION_SUMMARY.md
[2026-04-20 10:47:35] [INFO]   [DRY RUN] Would add frontmatter to: SESSION_SUMMARY.md
[2026-04-20 10:47:35] [INFO] Processing: SYNTAX_HIGHLIGHTING_FIX.md
[2026-04-20 10:47:35] [INFO]   [DRY RUN] Would add frontmatter to: SYNTAX_HIGHLIGHTING_FIX.md
[2026-04-20 10:47:35] [INFO] Processing: THIRD_PARTY_LICENSES.md
[2026-04-20 10:47:35] [INFO]   [DRY RUN] Would add frontmatter to: THIRD_PARTY_LICENSES.md
[2026-04-20 10:47:35] [INFO] Processing: WEB_BRANCH_SUMMARY.md
[2026-04-20 10:47:35] [INFO]   [DRY RUN] Would add frontmatter to: WEB_BRANCH_SUMMARY.md
[2026-04-20 10:47:35] [SUCCESS] 
=== Processing Summary ===
[2026-04-20 10:47:35] [INFO] Total Files: 134
[2026-04-20 10:47:35] [SUCCESS] Processed: 134
[2026-04-20 10:47:35] [WARN] Skipped: 0
[2026-04-20 10:47:35] [ERROR] Errors: 0
[2026-04-20 10:47:35] [INFO] Log saved to: .\automation-logs\archive-metadata-20260420-104729.log
